  PID USER      PR  NI    VIRT    RES    SHR S  %CPU %MEM     TIME+ COMMAND
  758 postgres  20   0  208168   8944   7056 R 100.0  0.1   0:00.13 postgres: postgres postgres [local] CREATE TABLE
  758 postgres  20   0  208624  12096  10020 S  17.0  0.2   0:00.30 postgres: postgres postgres [local] idle
  758 postgres  20   0  208624  12112  10036 R 100.0  0.2   0:00.47 postgres: postgres postgres [local] SELECT
  758 postgres  20   0  208624  12168  10092 R 100.0  0.2   0:00.57 postgres: postgres postgres [local] DELETE
  758 postgres  20   0  208624  12180  10104 R   9.0  0.2   0:00.66 postgres: postgres postgres [local] idle
  758 postgres  20   0  208624  12184  10108 S 100.0  0.2   0:00.77 postgres: postgres postgres [local] idle
  758 postgres  20   0  208624  12220  10144 S 100.0  0.2   0:00.93 postgres: postgres postgres [local] idle
  758 postgres  20   0  208624  12228  10152 R 100.0  0.2   0:01.00 postgres: postgres postgres [local] idle
  758 postgres  20   0  208624  12244  10168 R  11.0  0.2   0:01.11 postgres: postgres postgres [local] idle
  758 postgres  20   0  208624  12280  10204 S 100.0  0.2   0:01.24 postgres: postgres postgres [local] idle
  758 postgres  20   0  208624  12312  10236 S 100.0  0.2   0:01.43 postgres: postgres postgres [local] idle
  758 postgres  20   0  208624  12360  10284 S  15.0  0.2   0:01.58 postgres: postgres postgres [local] idle
  758 postgres  20   0  208624  12380  10304 R 100.0  0.2   0:01.76 postgres: postgres postgres [local] idle
  758 postgres  20   0  208624  12400  10324 S 100.0  0.2   0:01.89 postgres: postgres postgres [local] idle
  758 postgres  20   0  208624  12440  10364 R  14.0  0.2   0:02.03 postgres: postgres postgres [local] INSERT
  758 postgres  20   0  208624  12472  10396 S 100.0  0.2   0:02.16 postgres: postgres postgres [local] idle
  758 postgres  20   0  208624  12492  10416 S 100.0  0.2   0:02.32 postgres: postgres postgres [local] idle
  758 postgres  20   0  208624  12512  10436 S  17.0  0.2   0:02.49 postgres: postgres postgres [local] idle
  758 postgres  20   0  208624  12540  10464 R 100.0  0.2   0:02.65 postgres: postgres postgres [local] idle
  758 postgres  20   0  208624  12576  10500 R 100.0  0.2   0:02.85 postgres: postgres postgres [local] SELECT
  758 postgres  20   0  208624  12616  10540 S 100.0  0.2   0:03.04 postgres: postgres postgres [local] idle
  758 postgres  20   0  208624  12636  10560 R  11.0  0.2   0:03.15 postgres: postgres postgres [local] idle
  758 postgres  20   0  208624  12664  10588 R 100.0  0.2   0:03.26 postgres: postgres postgres [local] idle
  758 postgres  20   0  208624  12700  10624 S 100.0  0.2   0:03.38 postgres: postgres postgres [local] idle
  758 postgres  20   0  208624  12712  10636 R  15.0  0.2   0:03.53 postgres: postgres postgres [local] idle
  758 postgres  20   0  208624  12744  10668 R 100.0  0.2   0:03.60 postgres: postgres postgres [local] idle
  758 postgres  20   0  208624  12772  10696 R 100.0  0.2   0:03.70 postgres: postgres postgres [local] DELETE
  758 postgres  20   0  208624  12796  10720 S  12.0  0.2   0:03.82 postgres: postgres postgres [local] idle
  758 postgres  20   0  208624  12812  10736 S 100.0  0.2   0:03.93 postgres: postgres postgres [local] idle
  758 postgres  20   0  208624  12852  10776 R 100.0  0.2   0:04.06 postgres: postgres postgres [local] idle
  758 postgres  20   0  208624  12872  10796 S 100.0  0.2   0:04.23 postgres: postgres postgres [local] idle
  758 postgres  20   0  208624  12900  10824 S  10.0  0.2   0:04.33 postgres: postgres postgres [local] idle
  758 postgres  20   0  208624  12940  10864 R 100.0  0.2   0:04.46 postgres: postgres postgres [local] INSERT
  758 postgres  20   0  208624  12976  10900 R 100.0  0.2   0:04.59 postgres: postgres postgres [local] idle
  758 postgres  20   0  208624  13000  10924 R  16.0  0.2   0:04.75 postgres: postgres postgres [local] SELECT
  758 postgres  20   0  208624  13028  10952 R 100.0  0.2   0:04.98 postgres: postgres postgres [local] INSERT
  758 postgres  20   0  208624  13072  10996 R 100.0  0.2   0:05.17 postgres: postgres postgres [local] SELECT
  758 postgres  20   0  208624  13104  11028 S  14.0  0.2   0:05.31 postgres: postgres postgres [local] idle
  758 postgres  20   0  208624  13124  11048 R 100.0  0.2   0:05.49 postgres: postgres postgres [local] SELECT
  758 postgres  20   0  208624  13152  11076 R 100.0  0.2   0:05.65 postgres: postgres postgres [local] idle
  758 postgres  20   0  208624  13172  11096 S  18.0  0.2   0:05.83 postgres: postgres postgres [local] idle
  758 postgres  20   0  208624  13196  11120 S 100.0  0.2   0:05.93 postgres: postgres postgres [local] idle
  758 postgres  20   0  208624  13216  11140 R 100.0  0.2   0:06.05 postgres: postgres postgres [local] idle
  758 postgres  20   0  208624  13260  11184 R 100.0  0.2   0:06.18 postgres: postgres postgres [local] DELETE
  758 postgres  20   0  208624  13292  11216 R  17.0  0.2   0:06.35 postgres: postgres postgres [local] DELETE
  758 postgres  20   0  208624  13324  11248 S 100.0  0.2   0:06.47 postgres: postgres postgres [local] idle
  758 postgres  20   0  208624  13352  11276 S 100.0  0.2   0:06.58 postgres: postgres postgres [local] idle
  758 postgres  20   0  208624  13384  11308 R  13.0  0.2   0:06.71 postgres: postgres postgres [local] idle
  758 postgres  20   0  208624  13412  11336 S 100.0  0.2   0:06.86 postgres: postgres postgres [local] idle
  758 postgres  20   0  208624  13424  11348 S 100.0  0.2   0:06.97 postgres: postgres postgres [local] idle
  758 postgres  20   0  208624  13448  11372 R  16.0  0.2   0:07.13 postgres: postgres postgres [local] idle
  763 postgres  20   0  208168   7408   5544 S 100.0  0.1   0:00.12 postgres: postgres postgres [local] CREATE TABLE
  763 postgres  20   0  208044  11208   9252 S 100.0  0.1   0:00.30 postgres: postgres postgres [local] idle
  763 postgres  20   0  208560  11660   9656 R  15.0  0.1   0:00.45 postgres: postgres postgres [local] idle
  763 postgres  20   0  208560  11816   9812 R 100.0  0.2   0:00.51 postgres: postgres postgres [local] idle
  763 postgres  20   0  208560  11936   9932 R 100.0  0.2   0:00.66 postgres: postgres postgres [local] INSERT
  763 postgres  20   0  208560  12128  10124 S 100.0  0.2   0:00.85 postgres: postgres postgres [local] idle
  763 postgres  20   0  208560  12308  10304 R  11.0  0.2   0:00.96 postgres: postgres postgres [local] INSERT
  763 postgres  20   0  208560  12460  10456 R 100.0  0.2   0:01.11 postgres: postgres postgres [local] idle
  763 postgres  20   0  208560  12644  10640 R 100.0  0.2   0:01.27 postgres: postgres postgres [local] INSERT
  763 postgres  20   0  208560  12836  10832 R  18.0  0.2   0:01.45 postgres: postgres postgres [local] INSERT
  763 postgres  20   0  208560  13056  11052 S 100.0  0.2   0:01.57 postgres: postgres postgres [local] idle
  763 postgres  20   0  208560  13212  11208 R 100.0  0.2   0:01.74 postgres: postgres postgres [local] idle
  763 postgres  20   0  208560  13392  11388 S  14.0  0.2   0:01.88 postgres: postgres postgres [local] idle
  763 postgres  20   0  208560  13572  11568 S 100.0  0.2   0:02.04 postgres: postgres postgres [local] idle
  763 postgres  20   0  208560  13716  11712 S 100.0  0.2   0:02.19 postgres: postgres postgres [local] idle
  763 postgres  20   0  208560  13848  11844 R 100.0  0.2   0:02.36 postgres: postgres postgres [local] idle
  763 postgres  20   0  208560  14016  12012 S  14.0  0.2   0:02.50 postgres: postgres postgres [local] idle
  763 postgres  20   0  208560  14200  12196 S 100.0  0.2   0:02.64 postgres: postgres postgres [local] idle
  763 postgres  20   0  208560  14376  12372 R 100.0  0.2   0:02.75 postgres: postgres postgres [local] idle
  763 postgres  20   0  208560  14600  12596 R  14.0  0.2   0:02.89 postgres: postgres postgres [local] INSERT
  763 postgres  20   0  208560  14768  12764 S 100.0  0.2   0:03.10 postgres: postgres postgres [local] idle
  763 postgres  20   0  208560  14968  12964 S 100.0  0.2   0:03.29 postgres: postgres postgres [local] idle
  763 postgres  20   0  208560  15148  13144 R  13.0  0.2   0:03.42 postgres: postgres postgres [local] idle
  763 postgres  20   0  208560  15360  13356 R 100.0  0.2   0:03.62 postgres: postgres postgres [local] idle
  763 postgres  20   0  208560  15560  13556 S 100.0  0.2   0:03.82 postgres: postgres postgres [local] INSERT
  763 postgres  20   0  208560  15772  13768 S  14.0  0.2   0:03.96 postgres: postgres postgres [local] idle
  763 postgres  20   0  208560  15940  13936 R 100.0  0.2   0:04.13 postgres: postgres postgres [local] idle
  763 postgres  20   0  208560  16108  14104 S 100.0  0.2   0:04.27 postgres: postgres postgres [local] idle
  763 postgres  20   0  208560  16172  14168 R 100.0  0.2   0:04.41 postgres: postgres postgres [local] idle
  763 postgres  20   0  208560  16268  14264 R  11.0  0.2   0:04.52 postgres: postgres postgres [local] idle
  763 postgres  20   0  208560  16352  14348 S 100.0  0.2   0:04.65 postgres: postgres postgres [local] idle
  763 postgres  20   0  208560  16416  14412 S 100.0  0.2   0:04.77 postgres: postgres postgres [local] idle
  763 postgres  20   0  208560  16484  14480 S   6.0  0.2   0:04.83 postgres: postgres postgres [local] idle
  763 postgres  20   0  208560  16556  14552 S 100.0  0.2   0:04.96 postgres: postgres postgres [local] idle
  763 postgres  20   0  208560  16796  14792 R 100.0  0.2   0:05.13 postgres: postgres postgres [local] INSERT
  763 postgres  20   0  208560  16968  14964 R  18.0  0.2   0:05.31 postgres: postgres postgres [local] idle
  763 postgres  20   0  208560  17128  15124 S 100.0  0.2   0:05.39 postgres: postgres postgres [local] idle
  763 postgres  20   0  208560  17300  15296 R 100.0  0.2   0:05.53 postgres: postgres postgres [local] idle
  763 postgres  20   0  208560  17512  15508 R  16.0  0.2   0:05.69 postgres: postgres postgres [local] idle
  763 postgres  20   0  208560  17676  15672 S 100.0  0.2   0:05.90 postgres: postgres postgres [local] idle
  763 postgres  20   0  208560  17848  15844 S 100.0  0.2   0:06.02 postgres: postgres postgres [local] idle
  763 postgres  20   0  208560  18024  16020 R 100.0  0.2   0:06.20 postgres: postgres postgres [local] INSERT
  763 postgres  20   0  208560  18248  16244 R  13.0  0.2   0:06.33 postgres: postgres postgres [local] idle
  763 postgres  20   0  208560  18440  16436 R 100.0  0.2   0:06.54 postgres: postgres postgres [local] INSERT
  763 postgres  20   0  208560  18664  16660 S 100.0  0.2   0:06.69 postgres: postgres postgres [local] idle
  763 postgres  20   0  208560  18860  16856 R  18.0  0.2   0:06.87 postgres: postgres postgres [local] idle
  763 postgres  20   0  208560  19040  17036 S 100.0  0.2   0:07.03 postgres: postgres postgres [local] INSERT
  763 postgres  20   0  208560  19144  17140 S 100.0  0.2   0:07.20 postgres: postgres postgres [local] idle
  763 postgres  20   0  208560  19204  17200 R  16.0  0.2   0:07.36 postgres: postgres postgres [local] idle
  763 postgres  20   0  208560  19256  17252 R 100.0  0.2   0:07.49 postgres: postgres postgres [local] idle
  763 postgres  20   0  208560  19336  17328 R 100.0  0.2   0:07.65 postgres: postgres postgres [local] idle
  763 postgres  20   0  208560  19396  17388 R 100.0  0.2   0:07.85 postgres: postgres postgres [local] idle
  763 postgres  20   0  208560  19532  17524 R  15.0  0.2   0:08.00 postgres: postgres postgres [local] idle
  763 postgres  20   0  208560  19740  17732 R 100.0  0.3   0:08.19 postgres: postgres postgres [local] INSERT
  763 postgres  20   0  208560  19952  17944 R 100.0  0.3   0:08.35 postgres: postgres postgres [local] idle
  763 postgres  20   0  208560  20112  18104 S  17.0  0.3   0:08.52 postgres: postgres postgres [local] idle
  763 postgres  20   0  208560  20300  18292 S 100.0  0.3   0:08.68 postgres: postgres postgres [local] idle
  763 postgres  20   0  208560  20480  18472 R 100.0  0.3   0:08.85 postgres: postgres postgres [local] idle
  763 postgres  20   0  208560  20672  18664 R  22.0  0.3   0:09.07 postgres: postgres postgres [local] idle
  763 postgres  20   0  208560  20860  18852 S 100.0  0.3   0:09.21 postgres: postgres postgres [local] INSERT
  763 postgres  20   0  208560  21064  19056 R 100.0  0.3   0:09.36 postgres: postgres postgres [local] idle
  763 postgres  20   0  208560  21220  19212 R  21.0  0.3   0:09.57 postgres: postgres postgres [local] INSERT
  763 postgres  20   0  208560  21384  19376 R 100.0  0.3   0:09.74 postgres: postgres postgres [local] DELETE
  763 postgres  20   0  208560  21540  19532 R 100.0  0.3   0:09.95 postgres: postgres postgres [local] INSERT
  763 postgres  20   0  208560  21676  19668 S 100.0  0.3   0:10.13 postgres: postgres postgres [local] idle
  763 postgres  20   0  208560  21888  19880 S  18.0  0.3   0:10.31 postgres: postgres postgres [local] idle
  763 postgres  20   0  208560  22056  20048 R 100.0  0.3   0:10.49 postgres: postgres postgres [local] idle
  763 postgres  20   0  208560  22220  20212 R 100.0  0.3   0:10.70 postgres: postgres postgres [local] INSERT
  763 postgres  20   0  208560  22400  20392 S  16.0  0.3   0:10.86 postgres: postgres postgres [local] idle
  763 postgres  20   0  208560  22620  20612 S 100.0  0.3   0:11.08 postgres: postgres postgres [local] idle
  763 postgres  20   0  208560  22832  20824 S 100.0  0.3   0:11.22 postgres: postgres postgres [local] idle
  763 postgres  20   0  208560  23000  20992 S  15.0  0.3   0:11.37 postgres: postgres postgres [local] idle
  763 postgres  20   0  208560  23200  21192 S 100.0  0.3   0:11.52 postgres: postgres postgres [local] idle
  763 postgres  20   0  208560  23372  21364 S 100.0  0.3   0:11.68 postgres: postgres postgres [local] SELECT
  763 postgres  20   0  208560  23544  21536 R  17.0  0.3   0:11.85 postgres: postgres postgres [local] DELETE
  763 postgres  20   0  208560  23704  21696 S 100.0  0.3   0:12.02 postgres: postgres postgres [local] idle
  763 postgres  20   0  208560  23940  21932 S 100.0  0.3   0:12.13 postgres: postgres postgres [local] idle
  763 postgres  20   0  208560  24156  22148 R 100.0  0.3   0:12.26 postgres: postgres postgres [local] idle
  763 postgres  20   0  208560  24328  22320 S  21.0  0.3   0:12.47 postgres: postgres postgres [local] idle
  763 postgres  20   0  208560  24496  22488 S 100.0  0.3   0:12.64 postgres: postgres postgres [local] idle
  763 postgres  20   0  208560  24716  22708 S 100.0  0.3   0:12.80 postgres: postgres postgres [local] idle
  763 postgres  20   0  208560  24900  22892 R  26.0  0.3   0:13.06 postgres: postgres postgres [local] idle
  763 postgres  20   0  208560  25076  23068 R 100.0  0.3   0:13.16 postgres: postgres postgres [local] idle
  763 postgres  20   0  208560  25204  23196 S 100.0  0.3   0:13.39 postgres: postgres postgres [local] idle
  763 postgres  20   0  208560  25360  23352 R  18.0  0.3   0:13.57 postgres: postgres postgres [local] INSERT
  763 postgres  20   0  208560  25560  23552 R 100.0  0.3   0:13.69 postgres: postgres postgres [local] INSERT
  763 postgres  20   0  208560  25736  23728 R 100.0  0.3   0:13.89 postgres: postgres postgres [local] idle
  763 postgres  20   0  208560  25932  23924 R 100.0  0.3   0:14.03 postgres: postgres postgres [local] idle
  763 postgres  20   0  208560  26128  24120 R  15.0  0.3   0:14.18 postgres: postgres postgres [local] idle
  763 postgres  20   0  208560  26356  24348 S 100.0  0.3   0:14.29 postgres: postgres postgres [local] idle
  763 postgres  20   0  208560  26540  24532 S 100.0  0.3   0:14.47 postgres: postgres postgres [local] idle
  763 postgres  20   0  208560  26708  24700 R  20.0  0.3   0:14.67 postgres: postgres postgres [local] idle
  763 postgres  20   0  208560  26932  24924 S 100.0  0.3   0:14.85 postgres: postgres postgres [local] idle
  763 postgres  20   0  208560  27092  25084 R 100.0  0.3   0:15.05 postgres: postgres postgres [local] idle
  765 postgres  20   0  208564   7512   5656 R   4.0  0.1   0:00.04 postgres: postgres postgres [local] CREATE TABLE
  765 postgres  20   0  208572  11528   9464 S 100.0  0.1   0:00.24 postgres: postgres postgres [local] idle
  765 postgres  20   0  208572  12036   9932 R 100.0  0.2   0:00.35 postgres: postgres postgres [local] INSERT
  765 postgres  20   0  208572  12232  10128 R  17.0  0.2   0:00.52 postgres: postgres postgres [local] idle
  765 postgres  20   0  208572  12408  10304 S 100.0  0.2   0:00.64 postgres: postgres postgres [local] idle
  765 postgres  20   0  208572  12600  10496 S 100.0  0.2   0:00.83 postgres: postgres postgres [local] idle
  765 postgres  20   0  208572  12792  10688 R 100.0  0.2   0:01.01 postgres: postgres postgres [local] idle
  765 postgres  20   0  208572  13012  10908 R  14.0  0.2   0:01.15 postgres: postgres postgres [local] SELECT
  765 postgres  20   0  208572  13224  11120 S 100.0  0.2   0:01.30 postgres: postgres postgres [local] idle
  765 postgres  20   0  208572  13424  11320 R 100.0  0.2   0:01.53 postgres: postgres postgres [local] idle
  765 postgres  20   0  208572  13608  11504 S  12.0  0.2   0:01.65 postgres: postgres postgres [local] idle
  765 postgres  20   0  208572  13800  11696 S 100.0  0.2   0:01.85 postgres: postgres postgres [local] idle
  765 postgres  20   0  208572  14000  11896 S 100.0  0.2   0:01.98 postgres: postgres postgres [local] idle
  765 postgres  20   0  208572  14188  12084 S  15.0  0.2   0:02.13 postgres: postgres postgres [local] idle
  765 postgres  20   0  208572  14400  12296 S 100.0  0.2   0:02.38 postgres: postgres postgres [local] idle
  765 postgres  20   0  208572  14604  12500 R 100.0  0.2   0:02.56 postgres: postgres postgres [local] INSERT
  765 postgres  20   0  208572  14800  12696 R 100.0  0.2   0:02.72 postgres: postgres postgres [local] idle
  765 postgres  20   0  208572  14980  12876 R  18.0  0.2   0:02.90 postgres: postgres postgres [local] INSERT
  765 postgres  20   0  208572  15164  13060 R 100.0  0.2   0:03.07 postgres: postgres postgres [local] idle
  765 postgres  20   0  208572  15368  13264 R 100.0  0.2   0:03.28 postgres: postgres postgres [local] idle
  765 postgres  20   0  208572  15572  13468 R  15.0  0.2   0:03.43 postgres: postgres postgres [local] INSERT
  765 postgres  20   0  208572  15800  13696 R 100.0  0.2   0:03.57 postgres: postgres postgres [local] SELECT
  765 postgres  20   0  208572  15976  13872 S 100.0  0.2   0:03.73 postgres: postgres postgres [local] idle
  765 postgres  20   0  208572  16152  14048 R  17.0  0.2   0:03.90 postgres: postgres postgres [local] idle
  765 postgres  20   0  208572  16372  14268 S 100.0  0.2   0:04.09 postgres: postgres postgres [local] idle
  765 postgres  20   0  208572  16548  14444 S 100.0  0.2   0:04.24 postgres: postgres postgres [local] idle
  765 postgres  20   0  208572  16740  14636 S  16.0  0.2   0:04.40 postgres: postgres postgres [local] idle
  765 postgres  20   0  208572  16916  14812 S 100.0  0.2   0:04.49 postgres: postgres postgres [local] idle
  765 postgres  20   0  208572  17088  14984 R 100.0  0.2   0:04.65 postgres: postgres postgres [local] INSERT
  765 postgres  20   0  208572  17268  15164 S 100.0  0.2   0:04.85 postgres: postgres postgres [local] INSERT
  765 postgres  20   0  208572  17464  15360 R  14.0  0.2   0:04.99 postgres: postgres postgres [local] idle
  765 postgres  20   0  208572  17648  15544 R 100.0  0.2   0:05.13 postgres: postgres postgres [local] idle
  765 postgres  20   0  208572  17848  15744 S 100.0  0.2   0:05.31 postgres: postgres postgres [local] idle
  765 postgres  20   0  208572  18052  15948 S  18.0  0.2   0:05.49 postgres: postgres postgres [local] INSERT
  765 postgres  20   0  208572  18292  16188 R 100.0  0.2   0:05.66 postgres: postgres postgres [local] idle
  765 postgres  20   0  208572  18492  16388 R 100.0  0.2   0:05.85 postgres: postgres postgres [local] INSERT
  765 postgres  20   0  208572  18708  16604 R  17.0  0.2   0:06.02 postgres: postgres postgres [local] idle
  765 postgres  20   0  208572  18892  16788 R 100.0  0.2   0:06.21 postgres: postgres postgres [local] idle
  765 postgres  20   0  208572  19068  16964 S 100.0  0.2   0:06.38 postgres: postgres postgres [local] idle
  765 postgres  20   0  208572  19288  17184 R 100.0  0.2   0:06.60 postgres: postgres postgres [local] idle
  765 postgres  20   0  208572  19472  17368 R  19.8  0.2   0:06.80 postgres: postgres postgres [local] DELETE
  765 postgres  20   0  208572  19656  17552 R 100.0  0.3   0:07.00 postgres: postgres postgres [local] INSERT
  765 postgres  20   0  208572  19848  17744 R 100.0  0.3   0:07.21 postgres: postgres postgres [local] idle
  765 postgres  20   0  208572  20036  17932 R  17.0  0.3   0:07.38 postgres: postgres postgres [local] INSERT
  765 postgres  20   0  208572  20220  18116 S 100.0  0.3   0:07.49 postgres: postgres postgres [local] idle
  765 postgres  20   0  208572  20400  18296 R 100.0  0.3   0:07.65 postgres: postgres postgres [local] idle
  765 postgres  20   0  208572  20576  18472 S  14.0  0.3   0:07.79 postgres: postgres postgres [local] idle
  765 postgres  20   0  208572  20732  18628 R 100.0  0.3   0:07.97 postgres: postgres postgres [local] idle
  765 postgres  20   0  208572  20936  18832 S 100.0  0.3   0:08.10 postgres: postgres postgres [local] idle
  765 postgres  20   0  208572  21140  19036 S  16.0  0.3   0:08.26 postgres: postgres postgres [local] idle
  765 postgres  20   0  208572  21304  19200 R 100.0  0.3   0:08.44 postgres: postgres postgres [local] INSERT
  765 postgres  20   0  208572  21492  19388 S 100.0  0.3   0:08.61 postgres: postgres postgres [local] idle
  765 postgres  20   0  208572  21672  19568 S 100.0  0.3   0:08.76 postgres: postgres postgres [local] idle
  765 postgres  20   0  208572  21816  19712 S  30.0  0.3   0:09.06 postgres: postgres postgres [local] idle
  765 postgres  20   0  208572  22052  19948 R 100.0  0.3   0:09.21 postgres: postgres postgres [local] INSERT
  765 postgres  20   0  208572  22240  20136 S 100.0  0.3   0:09.42 postgres: postgres postgres [local] idle
  765 postgres  20   0  208572  22404  20300 S  13.0  0.3   0:09.55 postgres: postgres postgres [local] idle
  765 postgres  20   0  208572  22588  20484 S 100.0  0.3   0:09.71 postgres: postgres postgres [local] idle
  765 postgres  20   0  208572  22776  20672 R 100.0  0.3   0:09.82 postgres: postgres postgres [local] INSERT
  765 postgres  20   0  208572  22960  20856 R  16.0  0.3   0:09.98 postgres: postgres postgres [local] INSERT
  765 postgres  20   0  208572  23112  21008 R 100.0  0.3   0:10.19 postgres: postgres postgres [local] idle
  765 postgres  20   0  208572  23364  21260 S 100.0  0.3   0:10.36 postgres: postgres postgres [local] idle
  765 postgres  20   0  208572  23540  21436 R  18.0  0.3   0:10.54 postgres: postgres postgres [local] idle
  765 postgres  20   0  208572  23716  21612 S 100.0  0.3   0:10.74 postgres: postgres postgres [local] idle
  765 postgres  20   0  208572  23916  21812 S 100.0  0.3   0:10.88 postgres: postgres postgres [local] idle
  765 postgres  20   0  208572  24108  22004 R 100.0  0.3   0:11.07 postgres: postgres postgres [local] SELECT
  765 postgres  20   0  208572  24308  22204 S   8.0  0.3   0:11.15 postgres: postgres postgres [local] INSERT
  765 postgres  20   0  208572  24424  22320 S 100.0  0.3   0:11.31 postgres: postgres postgres [local] idle
  765 postgres  20   0  208572  24564  22460 S 100.0  0.3   0:11.46 postgres: postgres postgres [local] idle
  765 postgres  20   0  208572  24748  22644 R  22.0  0.3   0:11.68 postgres: postgres postgres [local] INSERT
  765 postgres  20   0  208572  24936  22832 S 100.0  0.3   0:11.88 postgres: postgres postgres [local] idle
  765 postgres  20   0  208572  25160  23056 R 100.0  0.3   0:12.07 postgres: postgres postgres [local] idle
  765 postgres  20   0  208572  25336  23232 S  20.0  0.3   0:12.27 postgres: postgres postgres [local] idle
  765 postgres  20   0  208572  25524  23420 S 100.0  0.3   0:12.49 postgres: postgres postgres [local] idle
  765 postgres  20   0  208572  25728  23624 S 100.0  0.3   0:12.66 postgres: postgres postgres [local] idle
  765 postgres  20   0  208572  25948  23844 S 100.0  0.3   0:12.78 postgres: postgres postgres [local] idle
  765 postgres  20   0  208572  26168  24064 R  10.0  0.3   0:12.88 postgres: postgres postgres [local] idle
  765 postgres  20   0  208572  26352  24248 S 100.0  0.3   0:13.06 postgres: postgres postgres [local] INSERT
  765 postgres  20   0  208572  26544  24440 R 100.0  0.3   0:13.22 postgres: postgres postgres [local] idle
  765 postgres  20   0  208572  26752  24648 R  21.0  0.3   0:13.43 postgres: postgres postgres [local] INSERT
  765 postgres  20   0  208572  26948  24844 S 100.0  0.3   0:13.63 postgres: postgres postgres [local] INSERT
